C51 COMPILER V9.60.7.0   MAIN                                                              08/02/2024 15:36:19 PAGE 1   


C51 COMPILER V9.60.7.0, COMPILATION OF MODULE MAIN
OBJECT MODULE PLACED IN .\Objects\main.obj
COMPILER INVOKED BY: E:\Keil5\C51\BIN\C51.EXE main.c OPTIMIZE(8,SPEED) BROWSE DEBUG OBJECTEXTEND PRINT(.\Listings\main.l
                    -st) TABS(2) OBJECT(.\Objects\main.obj)

line level    source

   1          #include <STC89C5xRC.H>
   2          //增加自定义类型，简化代码编写
   3          typedef unsigned char u8;
   4          typedef unsigned int u16;
   5          
   6          //需求：静态数码管显示,让第四个数码管显示5
   7          //手册信息：DIG5对应Y4,P15 P14 P13 1 0 0
   8          //封装显示状态
   9          
  10          u8 NixieTable[] = {0x3F,0x06,0x5B,0x4F,0x66,0x6D,0x7D,0x07,0x7F,0x6F};
  11          
  12          //数码管显示
  13          void NixieDisPlay(u8 Location,DisplayNum)
  14          {
  15   1        switch(Location)
  16   1        {
  17   2          case 1:P15 = 0;P14 = 0;P13 = 0;break;
  18   2          case 2:P15 = 0;P14 = 0;P13 = 1;break;
  19   2          case 3:P15 = 0;P14 = 1;P13 = 0;break;
  20   2          case 4:P15 = 0;P14 = 1;P13 = 1;break;
  21   2          case 5:P15 = 1;P14 = 0;P13 = 0;break;
  22   2          case 6:P15 = 1;P14 = 0;P13 = 1;break;
  23   2          case 7:P15 = 1;P14 = 1;P13 = 0;break;
  24   2          case 8:P15 = 1;P14 = 1;P13 = 1;break;
  25   2        }
  26   1        P0 = NixieTable[DisplayNum];
  27   1      }
  28          
  29          void main()
  30          {
  31   1      
  32   1        NixieDisPlay(4,8);
  33   1        while(1)
  34   1        {
  35   2        }
  36   1      }


MODULE INFORMATION:   STATIC OVERLAYABLE
   CODE SIZE        =    110    ----
   CONSTANT SIZE    =   ----    ----
   XDATA SIZE       =   ----    ----
   PDATA SIZE       =   ----    ----
   DATA SIZE        =     10    ----
   IDATA SIZE       =   ----    ----
   BIT SIZE         =   ----    ----
END OF MODULE INFORMATION.


C51 COMPILATION COMPLETE.  0 WARNING(S),  0 ERROR(S)
